commit 6fb70ddd557136286d9e7154de7ebfed528c4f68
Author: Jung Yoon <jungyoon@utexas.edu>
Date:   Wed Jun 24 21:35:36 2015 -0500

    Checking Travis CI one last time

commit b2b3b32ec7eb3a683d2716fe89892bc8e9a082bd
Author: Jung Yoon <jungyoon@utexas.edu>
Date:   Wed Jun 24 02:41:52 2015 -0500

    Got RMSE < 1; .98 now. Closes jungeunyoon/cs373-netflix#13

commit 95edc05ca4d18ea787a0286e240679a850476f25
Author: Jung Yoon <jungyoon@utexas.edu>
Date:   Tue Jun 23 22:28:59 2015 -0500

    12. Implement and debug the simplest possible solution in Netflix.py with assertions that check pre-conditions, post-conditions, argument validity, and return-value validity, until all tests pass, and add, commit, and push to the private code repo.

commit 199c1df62f056702184fbacaa7cbfbc5874eb13b
Author: Jung Yoon <jungyoon@utexas.edu>
Date:   Tue Jun 23 20:44:08 2015 -0500

    Closes jungeunyoon/cs373-netflix#16

commit 339aa0a834c03ec726b66bfb0a48610e0fa6151a
Author: Jung Yoon <jungyoon@utexas.edu>
Date:   Tue Jun 23 20:36:49 2015 -0500

    11. Write unit tests in TestNetflix.py that test corner cases and failure cases until you have an average of 3 tests for each function, confirm the expected failures, and add, commit, and push to the private code repo.

commit 0496b0c7b3940963fda44c50a9a051eaf3b73ea6
Author: Jung Yoon <jungyoon@utexas.edu>
Date:   Mon Jun 22 19:20:43 2015 -0500

    Closes jungeunyoon/cs373-netflix#10

commit b2803a3529d56d1b466fcb2a9ba9a14bcd83cac5
Author: Jung Yoon <jungyoon@utexas.edu>
Date:   Sun Jun 21 15:14:53 2015 -0500

    Initial commit
