10137:
3.6
3.5
4.3
3.9
4.4
4.8
3.8
3.7
4.5
4.2
4.8
4.2
4.8
3.8
4.0
2.2
3.5
3.7
3.9
3.8
4.6
4.4
3.9
4.5
3.6
3.6
3.9
4.1
3.6
4.0
4.4
3.8
4.5
4.4
10138:
3.9
3.1
3.9
1:
4.1
3.7
4.0
5.0
4.1
4.3
3.8
4.1
4.4
3.9
3.4
4.0
4.4
4.4
3.2
4.3
4.0
4.9
4.5
4.6
3.5
5.0
3.9
10134:
4.3
4.3
4.4
4.3
3.7
10135:
3.9
3.9
4.2
4.0
4.1
4.4
4.4
4.5
4.5
3.3
4.2
10136:
4.0
4.2
3.9
4.5
10:
3.8
3.5
1000:
3.3
3.0
2.7
4.7
3.8
3.5
3.3
4.0
3.1
2.6
3.4
3.6
3.3
4.4
4.0
3.1
3.1
3.1
3.3
3.7
3.5
4.0
2.5
3.1
4.1
3.2
3.7
10000:
4.5
4.3
10001:
3.8
4.7
4.1
3.1
4.7
3.8
3.8
4.4
4.3
3.9
4.5
4.5
3.3
4.6
4.0
3.9
4.8
10002:
5.0
4.2
5.0
4.8
10003:
2.2
10004:
5.0
4.2
4.4
4.0
4.8
4.4
4.6
4.4
4.4
4.3
4.5
4.1
4.4
4.0
4.5
4.5
4.6
4.5
4.7
4.1
4.4
4.1
4.2
4.3
5.0
3.9
4.3
4.5
3.6
4.9
4.7
10005:
3.9
4.4
3.6
3.3
3.4
10006:
4.6
4.0
4.8
3.5
10007:
2.4
3.0
2.6
2.6
2.4
2.9
2.5
3.2
2.8
3.1
2.6
2.9
2.7
RMSE: 0.96
186 records total
